This is pdfTeX, Version 3.1415926-1.40.10 (TeX Live 2009/Debian) (format=pdflatex 2012.11.8)  14 NOV 2012 07:53
entering extended mode
 %&-line parsing enabled.
**hw7.tex
(./hw7.tex
LaTeX2e <2009/09/24>
Babel <v3.8l> and hyphenation patterns for english, usenglishmax, dumylang, noh
yphenation, loaded.
(/usr/share/texmf-texlive/tex/latex/base/article.cls
Document Class: article 2007/10/19 v1.4h Standard LaTeX document class
(/usr/share/texmf-texlive/tex/latex/base/size10.clo
File: size10.clo 2007/10/19 v1.4h Standard LaTeX file (size option)
)
\c@part=\count79
\c@section=\count80
\c@subsection=\count81
\c@subsubsection=\count82
\c@paragraph=\count83
\c@subparagraph=\count84
\c@figure=\count85
\c@table=\count86
\abovecaptionskip=\skip41
\belowcaptionskip=\skip42
\bibindent=\dimen102
)
(/usr/share/texmf-texlive/tex/latex/graphics/graphicx.sty
Package: graphicx 1999/02/16 v1.0f Enhanced LaTeX Graphics (DPC,SPQR)

(/usr/share/texmf-texlive/tex/latex/graphics/keyval.sty
Package: keyval 1999/03/16 v1.13 key=value parser (DPC)
\KV@toks@=\toks14
)
(/usr/share/texmf-texlive/tex/latex/graphics/graphics.sty
Package: graphics 2009/02/05 v1.0o Standard LaTeX Graphics (DPC,SPQR)

(/usr/share/texmf-texlive/tex/latex/graphics/trig.sty
Package: trig 1999/03/16 v1.09 sin cos tan (DPC)
)
(/etc/texmf/tex/latex/config/graphics.cfg
File: graphics.cfg 2009/08/28 v1.8 graphics configuration of TeX Live
)
Package graphics Info: Driver file: pdftex.def on input line 91.

(/usr/share/texmf-texlive/tex/latex/pdftex-def/pdftex.def
File: pdftex.def 2010/03/12 v0.04p Graphics/color for pdfTeX
\Gread@gobject=\count87
))
\Gin@req@height=\dimen103
\Gin@req@width=\dimen104
) (./hw7.aux)
\openout1 = `hw7.aux'.

LaTeX Font Info:    Checking defaults for OML/cmm/m/it on input line 4.
LaTeX Font Info:    ... okay on input line 4.
LaTeX Font Info:    Checking defaults for T1/cmr/m/n on input line 4.
LaTeX Font Info:    ... okay on input line 4.
LaTeX Font Info:    Checking defaults for OT1/cmr/m/n on input line 4.
LaTeX Font Info:    ... okay on input line 4.
LaTeX Font Info:    Checking defaults for OMS/cmsy/m/n on input line 4.
LaTeX Font Info:    ... okay on input line 4.
LaTeX Font Info:    Checking defaults for OMX/cmex/m/n on input line 4.
LaTeX Font Info:    ... okay on input line 4.
LaTeX Font Info:    Checking defaults for U/cmr/m/n on input line 4.
LaTeX Font Info:    ... okay on input line 4.

(/usr/share/texmf-texlive/tex/context/base/supp-pdf.mkii
[Loading MPS to PDF converter (version 2006.09.02).]
\scratchcounter=\count88
\scratchdimen=\dimen105
\scratchbox=\box26
\nofMPsegments=\count89
\nofMParguments=\count90
\everyMPshowfont=\toks15
\MPscratchCnt=\count91
\MPscratchDim=\dimen106
\MPnumerator=\count92
\everyMPtoPDFconversion=\toks16
)
LaTeX Font Info:    External font `cmex10' loaded for size
(Font)              <12> on input line 7.
LaTeX Font Info:    External font `cmex10' loaded for size
(Font)              <8> on input line 7.
LaTeX Font Info:    External font `cmex10' loaded for size
(Font)              <6> on input line 7.
LaTeX Font Info:    Try loading font information for OMS+cmr on input line 13.
 (/usr/share/texmf-texlive/tex/latex/base/omscmr.fd
File: omscmr.fd 1999/05/25 v2.5h Standard LaTeX font definitions
)
LaTeX Font Info:    Font shape `OMS/cmr/m/n' in size <10> not available
(Font)              Font shape `OMS/cmsy/m/n' tried instead on input line 13.

Underfull \hbox (badness 3229) in paragraph at lines 20--21
\OT1/cmr/m/n/10 fer-ent time in-ter-vals one was on \OT1/cmr/m/it/10 Nov-12-201
2
 []


Underfull \hbox (badness 1635) in paragraph at lines 20--21
\OT1/cmr/m/it/10 10.00PM(Night) \OT1/cmr/m/n/10 and other was on \OT1/cmr/m/it/
10 Nov-13-2012
 []


Underfull \hbox (badness 10000) in paragraph at lines 33--33
[]\OT1/cmr/bx/n/12 Merging dis-tance and Ping
 []


Underfull \vbox (badness 10000) has occurred while \output is active []

 [1{/var/lib/texmf/fonts/map/pdftex/updmap/pdftex.map}


]
LaTeX Font Info:    External font `cmex10' loaded for size
(Font)              <7> on input line 46.
LaTeX Font Info:    External font `cmex10' loaded for size
(Font)              <5> on input line 46.

Underfull \hbox (badness 1424) in paragraph at lines 50--51
\OT1/cmr/bx/it/10 km/s \OT1/cmr/m/n/10 and the Stan-dard De-vi-a-tion was aroun
d
 []

<scatterplot_night.pdf, id=12, 505.89pt x 722.7pt>
File: scatterplot_night.pdf Graphic file (type pdf)
 <use scatterplot_night.pdf>
<scatterplot_morning.pdf, id=13, 505.89pt x 722.7pt>
File: scatterplot_morning.pdf Graphic file (type pdf)

<use scatterplot_morning.pdf> <cdfplot_night.pdf, id=14, 505.89pt x 722.7pt>
File: cdfplot_night.pdf Graphic file (type pdf)

<use cdfplot_night.pdf> <cdfplot_morning.pdf, id=15, 505.89pt x 722.7pt>
File: cdfplot_morning.pdf Graphic file (type pdf)

<use cdfplot_morning.pdf> <speed_sd_plot_night.pdf, id=16, 505.89pt x 722.7pt>
File: speed_sd_plot_night.pdf Graphic file (type pdf)

<use speed_sd_plot_night.pdf>
<speed_sd_plot_morning.pdf, id=17, 505.89pt x 722.7pt>
File: speed_sd_plot_morning.pdf Graphic file (type pdf)

<use speed_sd_plot_morning.pdf> [2 <./scatterplot_night.pdf> <./scatterplot_mor
ning.pdf> <./cdfplot_night.pdf>] [3 <./cdfplot_morning.pdf> <./speed_sd_plot_ni
ght.pdf> <./speed_sd_plot_morning.pdf>] [4

] (./hw7.aux) ) 
Here is how much of TeX's memory you used:
 970 strings out of 495061
 12466 string characters out of 1182621
 63586 words of memory out of 3000000
 4185 multiletter control sequences out of 15000+50000
 8600 words of font info for 30 fonts, out of 3000000 for 9000
 28 hyphenation exceptions out of 8191
 25i,7n,19p,873b,210s stack positions out of 5000i,500n,10000p,200000b,50000s
</usr/share/texmf-texlive/fonts/type1/public/amsfonts/cm/cmbx12.
pfb></usr/share/texmf-texlive/fonts/type1/public/amsfonts/cm/cmbxti10.pfb></usr
/share/texmf-texlive/fonts/type1/public/amsfonts/cm/cmex10.pfb></usr/share/texm
f-texlive/fonts/type1/public/amsfonts/cm/cmmi10.pfb></usr/share/texmf-texlive/f
onts/type1/public/amsfonts/cm/cmmi7.pfb></usr/share/texmf-texlive/fonts/type1/p
ublic/amsfonts/cm/cmr10.pfb></usr/share/texmf-texlive/fonts/type1/public/amsfon
ts/cm/cmr12.pfb></usr/share/texmf-texlive/fonts/type1/public/amsfonts/cm/cmr17.
pfb></usr/share/texmf-texlive/fonts/type1/public/amsfonts/cm/cmr7.pfb></usr/sha
re/texmf-texlive/fonts/type1/public/amsfonts/cm/cmsy10.pfb></usr/share/texmf-te
xlive/fonts/type1/public/amsfonts/cm/cmti10.pfb>
Output written on hw7.pdf (4 pages, 1751697 bytes).
PDF statistics:
 83 PDF objects out of 1000 (max. 8388607)
 0 named destinations out of 1000 (max. 500000)
 31 words of extra memory for PDF output out of 10000 (max. 10000000)

